<?xml version="1.0" encoding="UTF-8"?>
<!-- Generated by org.testng.reporters.JUnitReportReporter -->
<testsuite skipped="0" hostname="DESKTOP-UQF6KI9" name="DEMOTEST.LOG" tests="1" failures="0" timestamp="2020-02-25T21:18:31 PKT" time="10.529" errors="0">
  <testcase name="main" time="10.529" classname="DEMOTEST.LOG"/>
</testsuite> <!-- DEMOTEST.LOG -->
